<?xml version="1.0" encoding="UTF-8"?>
<testng-results total="2" passed="2" failed="0" skipped="0">
  <reporter-output>
    <line>
      <![CDATA[Application Opened]]>
    </line>
    <line>
      <![CDATA[Application Opened]]>
    </line>
  </reporter-output>
  <suite started-at="2023-09-07T12:04:08Z" name="Suite1" finished-at="2023-09-07T12:04:20Z" duration-ms="11482">
    <groups>
    </groups>
    <test started-at="2023-09-07T12:04:08Z" name="Nopackage" finished-at="2023-09-07T12:04:20Z" duration-ms="11482">
      <class name="testscript.TC003">
        <test-method signature="tc003()[pri:0, instance:testscript.TC003@3d921e20]" started-at="2023-09-07T17:34:15Z" name="tc003" finished-at="2023-09-07T17:34:20Z" duration-ms="5064" status="PASS">
          <reporter-output>
            <line>
              <![CDATA[Application Opened]]>
            </line>
          </reporter-output>
        </test-method> <!-- tc003 -->
      </class> <!-- testscript.TC003 -->
      <class name="testscript.TC001">
        <test-method signature="tc001()[pri:0, instance:testscript.TC001@58c1670b]" started-at="2023-09-07T17:34:08Z" name="tc001" finished-at="2023-09-07T17:34:15Z" duration-ms="6409" status="PASS">
          <reporter-output>
            <line>
              <![CDATA[Application Opened]]>
            </line>
          </reporter-output>
        </test-method> <!-- tc001 -->
      </class> <!-- testscript.TC001 -->
    </test> <!-- Nopackage -->
  </suite> <!-- Suite1 -->
</testng-results>
